2022-03-03 08:05:50.741  INFO 527211 --- [http-nio-8080-exec-1] o.a.c.c.C.[Tomcat].[localhost].[/]       : Initializing Spring DispatcherServlet 'dispatcherServlet'
2022-03-03 08:05:50.744  INFO 527211 --- [http-nio-8080-exec-1] o.s.web.servlet.DispatcherServlet        : Initializing Servlet 'dispatcherServlet'
2022-03-03 08:05:50.749  INFO 527211 --- [http-nio-8080-exec-1] o.s.web.servlet.DispatcherServlet        : Completed initialization in 5 ms
2022-03-03 08:05:52.497  WARN 527211 --- [http-nio-8080-exec-3] c.t.toubibnet.config.JwtRequestFilter    : JWT Token does not begin with Bearer String
2022-03-03 08:05:52.501  WARN 527211 --- [http-nio-8080-exec-3] o.s.web.servlet.PageNotFound             : No mapping for GET /article/
2022-03-03 08:05:55.999  WARN 527211 --- [http-nio-8080-exec-5] c.t.toubibnet.config.JwtRequestFilter    : JWT Token does not begin with Bearer String
2022-03-03 08:05:57.670  INFO 527211 --- [http-nio-8080-exec-8] c.t.t.controller.QuestionController      : getAllQuestion
2022-03-03 09:49:44.273  INFO 527211 --- [SpringApplicationShutdownHook] j.LocalContainerEntityManagerFactoryBean : Closing JPA EntityManagerFactory for persistence unit 'default'
2022-03-03 09:49:44.275  INFO 527211 --- [SpringApplicationShutdownHook] com.zaxxer.hikari.HikariDataSource       : HikariPool-1 - Shutdown initiated...
2022-03-03 09:49:44.280  INFO 527211 --- [SpringApplicationShutdownHook] com.zaxxer.hikari.HikariDataSource       : HikariPool-1 - Shutdown completed.
2022-03-03 09:49:53.734  INFO 584302 --- [main] c.t.toubibnet.ToubibnetApplication       : Starting ToubibnetApplication using Java 1.8.0_201 on saif-HP-Laptop-15-bs0xx with PID 584302 (/home/saif/ADS-Formation/toubibnet/toubibnet/target/classes started by saif in /home/saif/ADS-Formation/toubibnet/toubibnet)
2022-03-03 09:49:53.743  INFO 584302 --- [main] c.t.toubibnet.ToubibnetApplication       : No active profile set, falling back to default profiles: default
2022-03-03 09:49:54.942  INFO 584302 --- [main] .s.d.r.c.RepositoryConfigurationDelegate : Bootstrapping Spring Data JPA repositories in DEFAULT mode.
2022-03-03 09:49:55.017  INFO 584302 --- [main] .s.d.r.c.RepositoryConfigurationDelegate : Finished Spring Data repository scanning in 68 ms. Found 9 JPA repository interfaces.
2022-03-03 09:49:55.688  INFO 584302 --- [main] o.s.b.w.embedded.tomcat.TomcatWebServer  : Tomcat initialized with port(s): 8080 (http)
2022-03-03 09:49:55.695  INFO 584302 --- [main] o.apache.catalina.core.StandardService   : Starting service [Tomcat]
2022-03-03 09:49:55.696  INFO 584302 --- [main] org.apache.catalina.core.StandardEngine  : Starting Servlet engine: [Apache Tomcat/9.0.56]
2022-03-03 09:49:55.751  INFO 584302 --- [main] o.a.c.c.C.[Tomcat].[localhost].[/]       : Initializing Spring embedded WebApplicationContext
2022-03-03 09:49:55.751  INFO 584302 --- [main] w.s.c.ServletWebServerApplicationContext : Root WebApplicationContext: initialization completed in 1910 ms
2022-03-03 09:49:56.003  INFO 584302 --- [main] o.hibernate.jpa.internal.util.LogHelper  : HHH000204: Processing PersistenceUnitInfo [name: default]
2022-03-03 09:49:56.033  INFO 584302 --- [main] org.hibernate.Version                    : HHH000412: Hibernate ORM core version 5.6.4.Final
2022-03-03 09:49:56.136  INFO 584302 --- [main] o.hibernate.annotations.common.Version   : HCANN000001: Hibernate Commons Annotations {5.1.2.Final}
2022-03-03 09:49:56.296  INFO 584302 --- [main] com.zaxxer.hikari.HikariDataSource       : HikariPool-1 - Starting...
2022-03-03 09:49:56.397  INFO 584302 --- [main] com.zaxxer.hikari.HikariDataSource       : HikariPool-1 - Start completed.
2022-03-03 09:49:56.405  INFO 584302 --- [main] org.hibernate.dialect.Dialect            : HHH000400: Using dialect: org.hibernate.dialect.MySQL57Dialect
2022-03-03 09:49:57.702  INFO 584302 --- [main] o.h.e.t.j.p.i.JtaPlatformInitiator       : HHH000490: Using JtaPlatform implementation: [org.hibernate.engine.transaction.jta.platform.internal.NoJtaPlatform]
2022-03-03 09:49:57.712  INFO 584302 --- [main] j.LocalContainerEntityManagerFactoryBean : Initialized JPA EntityManagerFactory for persistence unit 'default'
2022-03-03 09:49:58.175  WARN 584302 --- [main] JpaBaseConfiguration$JpaWebConfiguration : spring.jpa.open-in-view is enabled by default. Therefore, database queries may be performed during view rendering. Explicitly configure spring.jpa.open-in-view to disable this warning
2022-03-03 09:49:58.539  WARN 584302 --- [main] ConfigServletWebServerApplicationContext : Exception encountered during context initialization - cancelling refresh attempt: org.springframework.beans.factory.UnsatisfiedDependencyException: Error creating bean with name 'answerController': Unsatisfied dependency expressed through field 'answerService'; nested exception is org.springframework.beans.factory.UnsatisfiedDependencyException: Error creating bean with name 'answerService': Unsatisfied dependency expressed through field 'questionRepository'; nested exception is org.springframework.beans.factory.BeanCreationException: Error creating bean with name 'questionRepository' defined in com.toubibnet.toubibnet.repository.QuestionRepository defined in @EnableJpaRepositories declared on JpaRepositoriesRegistrar.EnableJpaRepositoriesConfiguration: Invocation of init method failed; nested exception is org.springframework.data.repository.query.QueryCreationException: Could not create query for public abstract org.springframework.data.domain.Page com.toubibnet.toubibnet.repository.QuestionRepository.findByCategoryPrePage(com.toubibnet.toubibnet.model.Category,org.springframework.data.domain.Pageable)! Reason: Failed to create query for method public abstract org.springframework.data.domain.Page com.toubibnet.toubibnet.repository.QuestionRepository.findByCategoryPrePage(com.toubibnet.toubibnet.model.Category,org.springframework.data.domain.Pageable)! No property prePage found for type Category! Traversed path: Question.category.; nested exception is java.lang.IllegalArgumentException: Failed to create query for method public abstract org.springframework.data.domain.Page com.toubibnet.toubibnet.repository.QuestionRepository.findByCategoryPrePage(com.toubibnet.toubibnet.model.Category,org.springframework.data.domain.Pageable)! No property prePage found for type Category! Traversed path: Question.category.
2022-03-03 09:49:58.540  INFO 584302 --- [main] j.LocalContainerEntityManagerFactoryBean : Closing JPA EntityManagerFactory for persistence unit 'default'
2022-03-03 09:49:58.541  INFO 584302 --- [main] com.zaxxer.hikari.HikariDataSource       : HikariPool-1 - Shutdown initiated...
2022-03-03 09:49:58.546  INFO 584302 --- [main] com.zaxxer.hikari.HikariDataSource       : HikariPool-1 - Shutdown completed.
2022-03-03 09:49:58.548  INFO 584302 --- [main] o.apache.catalina.core.StandardService   : Stopping service [Tomcat]
2022-03-03 09:49:58.559  INFO 584302 --- [main] ConditionEvaluationReportLoggingListener : 

Error starting ApplicationContext. To display the conditions report re-run your application with 'debug' enabled.
2022-03-03 09:49:58.738 ERROR 584302 --- [main] o.s.boot.SpringApplication               : Application run failed

org.springframework.beans.factory.UnsatisfiedDependencyException: Error creating bean with name 'answerController': Unsatisfied dependency expressed through field 'answerService'; nested exception is org.springframework.beans.factory.UnsatisfiedDependencyException: Error creating bean with name 'answerService': Unsatisfied dependency expressed through field 'questionRepository'; nested exception is org.springframework.beans.factory.BeanCreationException: Error creating bean with name 'questionRepository' defined in com.toubibnet.toubibnet.repository.QuestionRepository defined in @EnableJpaRepositories declared on JpaRepositoriesRegistrar.EnableJpaRepositoriesConfiguration: Invocation of init method failed; nested exception is org.springframework.data.repository.query.QueryCreationException: Could not create query for public abstract org.springframework.data.domain.Page com.toubibnet.toubibnet.repository.QuestionRepository.findByCategoryPrePage(com.toubibnet.toubibnet.model.Category,org.springframework.data.domain.Pageable)! Reason: Failed to create query for method public abstract org.springframework.data.domain.Page com.toubibnet.toubibnet.repository.QuestionRepository.findByCategoryPrePage(com.toubibnet.toubibnet.model.Category,org.springframework.data.domain.Pageable)! No property prePage found for type Category! Traversed path: Question.category.; nested exception is java.lang.IllegalArgumentException: Failed to create query for method public abstract org.springframework.data.domain.Page com.toubibnet.toubibnet.repository.QuestionRepository.findByCategoryPrePage(com.toubibnet.toubibnet.model.Category,org.springframework.data.domain.Pageable)! No property prePage found for type Category! Traversed path: Question.category.
	at org.springframework.beans.factory.annotation.AutowiredAnnotationBeanPostProcessor$AutowiredFieldElement.resolveFieldValue(AutowiredAnnotationBeanPostProcessor.java:659) ~[spring-beans-5.3.15.jar:5.3.15]
	at org.springframework.beans.factory.annotation.AutowiredAnnotationBeanPostProcessor$AutowiredFieldElement.inject(AutowiredAnnotationBeanPostProcessor.java:639) ~[spring-beans-5.3.15.jar:5.3.15]
	at org.springframework.beans.factory.annotation.InjectionMetadata.inject(InjectionMetadata.java:119) ~[spring-beans-5.3.15.jar:5.3.15]
	at org.springframework.beans.factory.annotation.AutowiredAnnotationBeanPostProcessor.postProcessProperties(AutowiredAnnotationBeanPostProcessor.java:399) ~[spring-beans-5.3.15.jar:5.3.15]
	at org.springframework.beans.factory.support.AbstractAutowireCapableBeanFactory.populateBean(AbstractAutowireCapableBeanFactory.java:1431) ~[spring-beans-5.3.15.jar:5.3.15]
	at org.springframework.beans.factory.support.AbstractAutowireCapableBeanFactory.doCreateBean(AbstractAutowireCapableBeanFactory.java:619) ~[spring-beans-5.3.15.jar:5.3.15]
	at org.springframework.beans.factory.support.AbstractAutowireCapableBeanFactory.createBean(AbstractAutowireCapableBeanFactory.java:542) ~[spring-beans-5.3.15.jar:5.3.15]
	at org.springframework.beans.factory.support.AbstractBeanFactory.lambda$doGetBean$0(AbstractBeanFactory.java:335) ~[spring-beans-5.3.15.jar:5.3.15]
	at org.springframework.beans.factory.support.DefaultSingletonBeanRegistry.getSingleton(DefaultSingletonBeanRegistry.java:234) ~[spring-beans-5.3.15.jar:5.3.15]
	at org.springframework.beans.factory.support.AbstractBeanFactory.doGetBean(AbstractBeanFactory.java:333) ~[spring-beans-5.3.15.jar:5.3.15]
	at org.springframework.beans.factory.support.AbstractBeanFactory.getBean(AbstractBeanFactory.java:208) ~[spring-beans-5.3.15.jar:5.3.15]
	at org.springframework.beans.factory.support.DefaultListableBeanFactory.preInstantiateSingletons(DefaultListableBeanFactory.java:953) ~[spring-beans-5.3.15.jar:5.3.15]
	at org.springframework.context.support.AbstractApplicationContext.finishBeanFactoryInitialization(AbstractApplicationContext.java:918) ~[spring-context-5.3.15.jar:5.3.15]
	at org.springframework.context.support.AbstractApplicationContext.refresh(AbstractApplicationContext.java:583) ~[spring-context-5.3.15.jar:5.3.15]
	at org.springframework.boot.web.servlet.context.ServletWebServerApplicationContext.refresh(ServletWebServerApplicationContext.java:145) ~[spring-boot-2.6.3.jar:2.6.3]
	at org.springframework.boot.SpringApplication.refresh(SpringApplication.java:732) [spring-boot-2.6.3.jar:2.6.3]
	at org.springframework.boot.SpringApplication.refreshContext(SpringApplication.java:414) [spring-boot-2.6.3.jar:2.6.3]
	at org.springframework.boot.SpringApplication.run(SpringApplication.java:302) [spring-boot-2.6.3.jar:2.6.3]
	at org.springframework.boot.SpringApplication.run(SpringApplication.java:1303) [spring-boot-2.6.3.jar:2.6.3]
	at org.springframework.boot.SpringApplication.run(SpringApplication.java:1292) [spring-boot-2.6.3.jar:2.6.3]
	at com.toubibnet.toubibnet.ToubibnetApplication.main(ToubibnetApplication.java:22) [classes/:na]
Caused by: org.springframework.beans.factory.UnsatisfiedDependencyException: Error creating bean with name 'answerService': Unsatisfied dependency expressed through field 'questionRepository'; nested exception is org.springframework.beans.factory.BeanCreationException: Error creating bean with name 'questionRepository' defined in com.toubibnet.toubibnet.repository.QuestionRepository defined in @EnableJpaRepositories declared on JpaRepositoriesRegistrar.EnableJpaRepositoriesConfiguration: Invocation of init method failed; nested exception is org.springframework.data.repository.query.QueryCreationException: Could not create query for public abstract org.springframework.data.domain.Page com.toubibnet.toubibnet.repository.QuestionRepository.findByCategoryPrePage(com.toubibnet.toubibnet.model.Category,org.springframework.data.domain.Pageable)! Reason: Failed to create query for method public abstract org.springframework.data.domain.Page com.toubibnet.toubibnet.repository.QuestionRepository.findByCategoryPrePage(com.toubibnet.toubibnet.model.Category,org.springframework.data.domain.Pageable)! No property prePage found for type Category! Traversed path: Question.category.; nested exception is java.lang.IllegalArgumentException: Failed to create query for method public abstract org.springframework.data.domain.Page com.toubibnet.toubibnet.repository.QuestionRepository.findByCategoryPrePage(com.toubibnet.toubibnet.model.Category,org.springframework.data.domain.Pageable)! No property prePage found for type Category! Traversed path: Question.category.
	at org.springframework.beans.factory.annotation.AutowiredAnnotationBeanPostProcessor$AutowiredFieldElement.resolveFieldValue(AutowiredAnnotationBeanPostProcessor.java:659) ~[spring-beans-5.3.15.jar:5.3.15]
	at org.springframework.beans.factory.annotation.AutowiredAnnotationBeanPostProcessor$AutowiredFieldElement.inject(AutowiredAnnotationBeanPostProcessor.java:639) ~[spring-beans-5.3.15.jar:5.3.15]
	at org.springframework.beans.factory.annotation.InjectionMetadata.inject(InjectionMetadata.java:119) ~[spring-beans-5.3.15.jar:5.3.15]
	at org.springframework.beans.factory.annotation.AutowiredAnnotationBeanPostProcessor.postProcessProperties(AutowiredAnnotationBeanPostProcessor.java:399) ~[spring-beans-5.3.15.jar:5.3.15]
	at org.springframework.beans.factory.support.AbstractAutowireCapableBeanFactory.populateBean(AbstractAutowireCapableBeanFactory.java:1431) ~[spring-beans-5.3.15.jar:5.3.15]
	at org.springframework.beans.factory.support.AbstractAutowireCapableBeanFactory.doCreateBean(AbstractAutowireCapableBeanFactory.java:619) ~[spring-beans-5.3.15.jar:5.3.15]
	at org.springframework.beans.factory.support.AbstractAutowireCapableBeanFactory.createBean(AbstractAutowireCapableBeanFactory.java:542) ~[spring-beans-5.3.15.jar:5.3.15]
	at org.springframework.beans.factory.support.AbstractBeanFactory.lambda$doGetBean$0(AbstractBeanFactory.java:335) ~[spring-beans-5.3.15.jar:5.3.15]
	at org.springframework.beans.factory.support.DefaultSingletonBeanRegistry.getSingleton(DefaultSingletonBeanRegistry.java:234) ~[spring-beans-5.3.15.jar:5.3.15]
	at org.springframework.beans.factory.support.AbstractBeanFactory.doGetBean(AbstractBeanFactory.java:333) ~[spring-beans-5.3.15.jar:5.3.15]
	at org.springframework.beans.factory.support.AbstractBeanFactory.getBean(AbstractBeanFactory.java:208) ~[spring-beans-5.3.15.jar:5.3.15]
	at org.springframework.beans.factory.config.DependencyDescriptor.resolveCandidate(DependencyDescriptor.java:276) ~[spring-beans-5.3.15.jar:5.3.15]
	at org.springframework.beans.factory.support.DefaultListableBeanFactory.doResolveDependency(DefaultListableBeanFactory.java:1389) ~[spring-beans-5.3.15.jar:5.3.15]
	at org.springframework.beans.factory.support.DefaultListableBeanFactory.resolveDependency(DefaultListableBeanFactory.java:1309) ~[spring-beans-5.3.15.jar:5.3.15]
	at org.springframework.beans.factory.annotation.AutowiredAnnotationBeanPostProcessor$AutowiredFieldElement.resolveFieldValue(AutowiredAnnotationBeanPostProcessor.java:656) ~[spring-beans-5.3.15.jar:5.3.15]
	... 20 common frames omitted
Caused by: org.springframework.beans.factory.BeanCreationException: Error creating bean with name 'questionRepository' defined in com.toubibnet.toubibnet.repository.QuestionRepository defined in @EnableJpaRepositories declared on JpaRepositoriesRegistrar.EnableJpaRepositoriesConfiguration: Invocation of init method failed; nested exception is org.springframework.data.repository.query.QueryCreationException: Could not create query for public abstract org.springframework.data.domain.Page com.toubibnet.toubibnet.repository.QuestionRepository.findByCategoryPrePage(com.toubibnet.toubibnet.model.Category,org.springframework.data.domain.Pageable)! Reason: Failed to create query for method public abstract org.springframework.data.domain.Page com.toubibnet.toubibnet.repository.QuestionRepository.findByCategoryPrePage(com.toubibnet.toubibnet.model.Category,org.springframework.data.domain.Pageable)! No property prePage found for type Category! Traversed path: Question.category.; nested exception is java.lang.IllegalArgumentException: Failed to create query for method public abstract org.springframework.data.domain.Page com.toubibnet.toubibnet.repository.QuestionRepository.findByCategoryPrePage(com.toubibnet.toubibnet.model.Category,org.springframework.data.domain.Pageable)! No property prePage found for type Category! Traversed path: Question.category.
	at org.springframework.beans.factory.support.AbstractAutowireCapableBeanFactory.initializeBean(AbstractAutowireCapableBeanFactory.java:1804) ~[spring-beans-5.3.15.jar:5.3.15]
	at org.springframework.beans.factory.support.AbstractAutowireCapableBeanFactory.doCreateBean(AbstractAutowireCapableBeanFactory.java:620) ~[spring-beans-5.3.15.jar:5.3.15]
	at org.springframework.beans.factory.support.AbstractAutowireCapableBeanFactory.createBean(AbstractAutowireCapableBeanFactory.java:542) ~[spring-beans-5.3.15.jar:5.3.15]
	at org.springframework.beans.factory.support.AbstractBeanFactory.lambda$doGetBean$0(AbstractBeanFactory.java:335) ~[spring-beans-5.3.15.jar:5.3.15]
	at org.springframework.beans.factory.support.DefaultSingletonBeanRegistry.getSingleton(DefaultSingletonBeanRegistry.java:234) ~[spring-beans-5.3.15.jar:5.3.15]
	at org.springframework.beans.factory.support.AbstractBeanFactory.doGetBean(AbstractBeanFactory.java:333) ~[spring-beans-5.3.15.jar:5.3.15]
	at org.springframework.beans.factory.support.AbstractBeanFactory.getBean(AbstractBeanFactory.java:208) ~[spring-beans-5.3.15.jar:5.3.15]
	at org.springframework.beans.factory.config.DependencyDescriptor.resolveCandidate(DependencyDescriptor.java:276) ~[spring-beans-5.3.15.jar:5.3.15]
	at org.springframework.beans.factory.support.DefaultListableBeanFactory.doResolveDependency(DefaultListableBeanFactory.java:1389) ~[spring-beans-5.3.15.jar:5.3.15]
	at org.springframework.beans.factory.support.DefaultListableBeanFactory.resolveDependency(DefaultListableBeanFactory.java:1309) ~[spring-beans-5.3.15.jar:5.3.15]
	at org.springframework.beans.factory.annotation.AutowiredAnnotationBeanPostProcessor$AutowiredFieldElement.resolveFieldValue(AutowiredAnnotationBeanPostProcessor.java:656) ~[spring-beans-5.3.15.jar:5.3.15]
	... 34 common frames omitted
Caused by: org.springframework.data.repository.query.QueryCreationException: Could not create query for public abstract org.springframework.data.domain.Page com.toubibnet.toubibnet.repository.QuestionRepository.findByCategoryPrePage(com.toubibnet.toubibnet.model.Category,org.springframework.data.domain.Pageable)! Reason: Failed to create query for method public abstract org.springframework.data.domain.Page com.toubibnet.toubibnet.repository.QuestionRepository.findByCategoryPrePage(com.toubibnet.toubibnet.model.Category,org.springframework.data.domain.Pageable)! No property prePage found for type Category! Traversed path: Question.category.; nested exception is java.lang.IllegalArgumentException: Failed to create query for method public abstract org.springframework.data.domain.Page com.toubibnet.toubibnet.repository.QuestionRepository.findByCategoryPrePage(com.toubibnet.toubibnet.model.Category,org.springframework.data.domain.Pageable)! No property prePage found for type Category! Traversed path: Question.category.
	at org.springframework.data.repository.query.QueryCreationException.create(QueryCreationException.java:101) ~[spring-data-commons-2.6.1.jar:2.6.1]
	at org.springframework.data.repository.core.support.QueryExecutorMethodInterceptor.lookupQuery(QueryExecutorMethodInterceptor.java:106) ~[spring-data-commons-2.6.1.jar:2.6.1]
	at org.springframework.data.repository.core.support.QueryExecutorMethodInterceptor.lambda$mapMethodsToQuery$1(QueryExecutorMethodInterceptor.java:94) ~[spring-data-commons-2.6.1.jar:2.6.1]
	at java.util.stream.ReferencePipeline$3$1.accept(ReferencePipeline.java:193) ~[na:1.8.0_201]
	at java.util.Iterator.forEachRemaining(Iterator.java:116) ~[na:1.8.0_201]
	at java.util.Collections$UnmodifiableCollection$1.forEachRemaining(Collections.java:1049) ~[na:1.8.0_201]
	at java.util.Spliterators$IteratorSpliterator.forEachRemaining(Spliterators.java:1801) ~[na:1.8.0_201]
	at java.util.stream.AbstractPipeline.copyInto(AbstractPipeline.java:481) ~[na:1.8.0_201]
	at java.util.stream.AbstractPipeline.wrapAndCopyInto(AbstractPipeline.java:471) ~[na:1.8.0_201]
	at java.util.stream.ReduceOps$ReduceOp.evaluateSequential(ReduceOps.java:708) ~[na:1.8.0_201]
	at java.util.stream.AbstractPipeline.evaluate(AbstractPipeline.java:234) ~[na:1.8.0_201]
	at java.util.stream.ReferencePipeline.collect(ReferencePipeline.java:499) ~[na:1.8.0_201]
	at org.springframework.data.repository.core.support.QueryExecutorMethodInterceptor.mapMethodsToQuery(QueryExecutorMethodInterceptor.java:96) ~[spring-data-commons-2.6.1.jar:2.6.1]
	at org.springframework.data.repository.core.support.QueryExecutorMethodInterceptor.lambda$new$0(QueryExecutorMethodInterceptor.java:86) ~[spring-data-commons-2.6.1.jar:2.6.1]
	at java.util.Optional.map(Optional.java:215) ~[na:1.8.0_201]
	at org.springframework.data.repository.core.support.QueryExecutorMethodInterceptor.<init>(QueryExecutorMethodInterceptor.java:86) ~[spring-data-commons-2.6.1.jar:2.6.1]
	at org.springframework.data.repository.core.support.RepositoryFactorySupport.getRepository(RepositoryFactorySupport.java:364) ~[spring-data-commons-2.6.1.jar:2.6.1]
	at org.springframework.data.repository.core.support.RepositoryFactoryBeanSupport.lambda$afterPropertiesSet$5(RepositoryFactoryBeanSupport.java:322) ~[spring-data-commons-2.6.1.jar:2.6.1]
	at org.springframework.data.util.Lazy.getNullable(Lazy.java:230) ~[spring-data-commons-2.6.1.jar:2.6.1]
	at org.springframework.data.util.Lazy.get(Lazy.java:114) ~[spring-data-commons-2.6.1.jar:2.6.1]
	at org.springframework.data.repository.core.support.RepositoryFactoryBeanSupport.afterPropertiesSet(RepositoryFactoryBeanSupport.java:328) ~[spring-data-commons-2.6.1.jar:2.6.1]
	at org.springframework.data.jpa.repository.support.JpaRepositoryFactoryBean.afterPropertiesSet(JpaRepositoryFactoryBean.java:144) ~[spring-data-jpa-2.6.1.jar:2.6.1]
	at org.springframework.beans.factory.support.AbstractAutowireCapableBeanFactory.invokeInitMethods(AbstractAutowireCapableBeanFactory.java:1863) ~[spring-beans-5.3.15.jar:5.3.15]
	at org.springframework.beans.factory.support.AbstractAutowireCapableBeanFactory.initializeBean(AbstractAutowireCapableBeanFactory.java:1800) ~[spring-beans-5.3.15.jar:5.3.15]
	... 44 common frames omitted
Caused by: java.lang.IllegalArgumentException: Failed to create query for method public abstract org.springframework.data.domain.Page com.toubibnet.toubibnet.repository.QuestionRepository.findByCategoryPrePage(com.toubibnet.toubibnet.model.Category,org.springframework.data.domain.Pageable)! No property prePage found for type Category! Traversed path: Question.category.
	at org.springframework.data.jpa.repository.query.PartTreeJpaQuery.<init>(PartTreeJpaQuery.java:96) ~[spring-data-jpa-2.6.1.jar:2.6.1]
	at org.springframework.data.jpa.repository.query.JpaQueryLookupStrategy$CreateQueryLookupStrategy.resolveQuery(JpaQueryLookupStrategy.java:113) ~[spring-data-jpa-2.6.1.jar:2.6.1]
	at org.springframework.data.jpa.repository.query.JpaQueryLookupStrategy$CreateIfNotFoundQueryLookupStrategy.resolveQuery(JpaQueryLookupStrategy.java:254) ~[spring-data-jpa-2.6.1.jar:2.6.1]
	at org.springframework.data.jpa.repository.query.JpaQueryLookupStrategy$AbstractQueryLookupStrategy.resolveQuery(JpaQueryLookupStrategy.java:87) ~[spring-data-jpa-2.6.1.jar:2.6.1]
	at org.springframework.data.repository.core.support.QueryExecutorMethodInterceptor.lookupQuery(QueryExecutorMethodInterceptor.java:102) ~[spring-data-commons-2.6.1.jar:2.6.1]
	... 66 common frames omitted
Caused by: org.springframework.data.mapping.PropertyReferenceException: No property prePage found for type Category! Traversed path: Question.category.
	at org.springframework.data.mapping.PropertyPath.<init>(PropertyPath.java:90) ~[spring-data-commons-2.6.1.jar:2.6.1]
	at org.springframework.data.mapping.PropertyPath.create(PropertyPath.java:437) ~[spring-data-commons-2.6.1.jar:2.6.1]
	at org.springframework.data.mapping.PropertyPath.create(PropertyPath.java:413) ~[spring-data-commons-2.6.1.jar:2.6.1]
	at org.springframework.data.mapping.PropertyPath.create(PropertyPath.java:447) ~[spring-data-commons-2.6.1.jar:2.6.1]
	at org.springframework.data.mapping.PropertyPath.create(PropertyPath.java:470) ~[spring-data-commons-2.6.1.jar:2.6.1]
	at org.springframework.data.mapping.PropertyPath.create(PropertyPath.java:470) ~[spring-data-commons-2.6.1.jar:2.6.1]
	at org.springframework.data.mapping.PropertyPath.create(PropertyPath.java:413) ~[spring-data-commons-2.6.1.jar:2.6.1]
	at org.springframework.data.mapping.PropertyPath.lambda$from$0(PropertyPath.java:366) ~[spring-data-commons-2.6.1.jar:2.6.1]
	at java.util.concurrent.ConcurrentMap.computeIfAbsent(ConcurrentMap.java:324) ~[na:1.8.0_201]
	at org.springframework.data.mapping.PropertyPath.from(PropertyPath.java:348) ~[spring-data-commons-2.6.1.jar:2.6.1]
	at org.springframework.data.mapping.PropertyPath.from(PropertyPath.java:331) ~[spring-data-commons-2.6.1.jar:2.6.1]
	at org.springframework.data.repository.query.parser.Part.<init>(Part.java:81) ~[spring-data-commons-2.6.1.jar:2.6.1]
	at org.springframework.data.repository.query.parser.PartTree$OrPart.lambda$new$0(PartTree.java:249) ~[spring-data-commons-2.6.1.jar:2.6.1]
	at java.util.stream.ReferencePipeline$3$1.accept(ReferencePipeline.java:193) ~[na:1.8.0_201]
	at java.util.stream.ReferencePipeline$2$1.accept(ReferencePipeline.java:175) ~[na:1.8.0_201]
	at java.util.Spliterators$ArraySpliterator.forEachRemaining(Spliterators.java:948) ~[na:1.8.0_201]
	at java.util.stream.AbstractPipeline.copyInto(AbstractPipeline.java:481) ~[na:1.8.0_201]
	at java.util.stream.AbstractPipeline.wrapAndCopyInto(AbstractPipeline.java:471) ~[na:1.8.0_201]
	at java.util.stream.ReduceOps$ReduceOp.evaluateSequential(ReduceOps.java:708) ~[na:1.8.0_201]
	at java.util.stream.AbstractPipeline.evaluate(AbstractPipeline.java:234) ~[na:1.8.0_201]
	at java.util.stream.ReferencePipeline.collect(ReferencePipeline.java:499) ~[na:1.8.0_201]
	at org.springframework.data.repository.query.parser.PartTree$OrPart.<init>(PartTree.java:250) ~[spring-data-commons-2.6.1.jar:2.6.1]
	at org.springframework.data.repository.query.parser.PartTree$Predicate.lambda$new$0(PartTree.java:383) ~[spring-data-commons-2.6.1.jar:2.6.1]
	at java.util.stream.ReferencePipeline$3$1.accept(ReferencePipeline.java:193) ~[na:1.8.0_201]
	at java.util.stream.ReferencePipeline$2$1.accept(ReferencePipeline.java:175) ~[na:1.8.0_201]
	at java.util.Spliterators$ArraySpliterator.forEachRemaining(Spliterators.java:948) ~[na:1.8.0_201]
	at java.util.stream.AbstractPipeline.copyInto(AbstractPipeline.java:481) ~[na:1.8.0_201]
	at java.util.stream.AbstractPipeline.wrapAndCopyInto(AbstractPipeline.java:471) ~[na:1.8.0_201]
	at java.util.stream.ReduceOps$ReduceOp.evaluateSequential(ReduceOps.java:708) ~[na:1.8.0_201]
	at java.util.stream.AbstractPipeline.evaluate(AbstractPipeline.java:234) ~[na:1.8.0_201]
	at java.util.stream.ReferencePipeline.collect(ReferencePipeline.java:499) ~[na:1.8.0_201]
	at org.springframework.data.repository.query.parser.PartTree$Predicate.<init>(PartTree.java:384) ~[spring-data-commons-2.6.1.jar:2.6.1]
	at org.springframework.data.repository.query.parser.PartTree.<init>(PartTree.java:95) ~[spring-data-commons-2.6.1.jar:2.6.1]
	at org.springframework.data.jpa.repository.query.PartTreeJpaQuery.<init>(PartTreeJpaQuery.java:89) ~[spring-data-jpa-2.6.1.jar:2.6.1]
	... 70 common frames omitted

2022-03-03 09:51:51.453  INFO 584774 --- [main] c.t.toubibnet.ToubibnetApplication       : Starting ToubibnetApplication using Java 1.8.0_201 on saif-HP-Laptop-15-bs0xx with PID 584774 (/home/saif/ADS-Formation/toubibnet/toubibnet/target/classes started by saif in /home/saif/ADS-Formation/toubibnet/toubibnet)
2022-03-03 09:51:51.456  INFO 584774 --- [main] c.t.toubibnet.ToubibnetApplication       : No active profile set, falling back to default profiles: default
2022-03-03 09:51:52.558  INFO 584774 --- [main] .s.d.r.c.RepositoryConfigurationDelegate : Bootstrapping Spring Data JPA repositories in DEFAULT mode.
2022-03-03 09:51:52.655  INFO 584774 --- [main] .s.d.r.c.RepositoryConfigurationDelegate : Finished Spring Data repository scanning in 89 ms. Found 9 JPA repository interfaces.
2022-03-03 09:51:53.325  INFO 584774 --- [main] o.s.b.w.embedded.tomcat.TomcatWebServer  : Tomcat initialized with port(s): 8080 (http)
2022-03-03 09:51:53.333  INFO 584774 --- [main] o.apache.catalina.core.StandardService   : Starting service [Tomcat]
2022-03-03 09:51:53.334  INFO 584774 --- [main] org.apache.catalina.core.StandardEngine  : Starting Servlet engine: [Apache Tomcat/9.0.56]
2022-03-03 09:51:53.414  INFO 584774 --- [main] o.a.c.c.C.[Tomcat].[localhost].[/]       : Initializing Spring embedded WebApplicationContext
2022-03-03 09:51:53.415  INFO 584774 --- [main] w.s.c.ServletWebServerApplicationContext : Root WebApplicationContext: initialization completed in 1858 ms
2022-03-03 09:51:53.670  INFO 584774 --- [main] o.hibernate.jpa.internal.util.LogHelper  : HHH000204: Processing PersistenceUnitInfo [name: default]
2022-03-03 09:51:53.700  INFO 584774 --- [main] org.hibernate.Version                    : HHH000412: Hibernate ORM core version 5.6.4.Final
2022-03-03 09:51:53.808  INFO 584774 --- [main] o.hibernate.annotations.common.Version   : HCANN000001: Hibernate Commons Annotations {5.1.2.Final}
2022-03-03 09:51:53.966  INFO 584774 --- [main] com.zaxxer.hikari.HikariDataSource       : HikariPool-1 - Starting...
2022-03-03 09:51:54.069  INFO 584774 --- [main] com.zaxxer.hikari.HikariDataSource       : HikariPool-1 - Start completed.
2022-03-03 09:51:54.080  INFO 584774 --- [main] org.hibernate.dialect.Dialect            : HHH000400: Using dialect: org.hibernate.dialect.MySQL57Dialect
2022-03-03 09:51:54.858  INFO 584774 --- [main] o.h.e.t.j.p.i.JtaPlatformInitiator       : HHH000490: Using JtaPlatform implementation: [org.hibernate.engine.transaction.jta.platform.internal.NoJtaPlatform]
2022-03-03 09:51:54.867  INFO 584774 --- [main] j.LocalContainerEntityManagerFactoryBean : Initialized JPA EntityManagerFactory for persistence unit 'default'
2022-03-03 09:51:55.274  WARN 584774 --- [main] JpaBaseConfiguration$JpaWebConfiguration : spring.jpa.open-in-view is enabled by default. Therefore, database queries may be performed during view rendering. Explicitly configure spring.jpa.open-in-view to disable this warning
2022-03-03 09:51:55.603  WARN 584774 --- [main] ConfigServletWebServerApplicationContext : Exception encountered during context initialization - cancelling refresh attempt: org.springframework.beans.factory.UnsatisfiedDependencyException: Error creating bean with name 'answerController': Unsatisfied dependency expressed through field 'answerService'; nested exception is org.springframework.beans.factory.UnsatisfiedDependencyException: Error creating bean with name 'answerService': Unsatisfied dependency expressed through field 'questionRepository'; nested exception is org.springframework.beans.factory.BeanCreationException: Error creating bean with name 'questionRepository' defined in com.toubibnet.toubibnet.repository.QuestionRepository defined in @EnableJpaRepositories declared on JpaRepositoriesRegistrar.EnableJpaRepositoriesConfiguration: Invocation of init method failed; nested exception is org.springframework.data.repository.query.QueryCreationException: Could not create query for public abstract org.springframework.data.domain.Page com.toubibnet.toubibnet.repository.QuestionRepository.findByCategoryPrePage(com.toubibnet.toubibnet.model.Category,org.springframework.data.domain.Pageable)! Reason: Failed to create query for method public abstract org.springframework.data.domain.Page com.toubibnet.toubibnet.repository.QuestionRepository.findByCategoryPrePage(com.toubibnet.toubibnet.model.Category,org.springframework.data.domain.Pageable)! No property prePage found for type Category! Traversed path: Question.category.; nested exception is java.lang.IllegalArgumentException: Failed to create query for method public abstract org.springframework.data.domain.Page com.toubibnet.toubibnet.repository.QuestionRepository.findByCategoryPrePage(com.toubibnet.toubibnet.model.Category,org.springframework.data.domain.Pageable)! No property prePage found for type Category! Traversed path: Question.category.
2022-03-03 09:51:55.605  INFO 584774 --- [main] j.LocalContainerEntityManagerFactoryBean : Closing JPA EntityManagerFactory for persistence unit 'default'
2022-03-03 09:51:55.606  INFO 584774 --- [main] com.zaxxer.hikari.HikariDataSource       : HikariPool-1 - Shutdown initiated...
2022-03-03 09:51:55.611  INFO 584774 --- [main] com.zaxxer.hikari.HikariDataSource       : HikariPool-1 - Shutdown completed.
2022-03-03 09:51:55.613  INFO 584774 --- [main] o.apache.catalina.core.StandardService   : Stopping service [Tomcat]
2022-03-03 09:51:55.625  INFO 584774 --- [main] ConditionEvaluationReportLoggingListener : 

Error starting ApplicationContext. To display the conditions report re-run your application with 'debug' enabled.
2022-03-03 09:51:55.650 ERROR 584774 --- [main] o.s.boot.SpringApplication               : Application run failed

org.springframework.beans.factory.UnsatisfiedDependencyException: Error creating bean with name 'answerController': Unsatisfied dependency expressed through field 'answerService'; nested exception is org.springframework.beans.factory.UnsatisfiedDependencyException: Error creating bean with name 'answerService': Unsatisfied dependency expressed through field 'questionRepository'; nested exception is org.springframework.beans.factory.BeanCreationException: Error creating bean with name 'questionRepository' defined in com.toubibnet.toubibnet.repository.QuestionRepository defined in @EnableJpaRepositories declared on JpaRepositoriesRegistrar.EnableJpaRepositoriesConfiguration: Invocation of init method failed; nested exception is org.springframework.data.repository.query.QueryCreationException: Could not create query for public abstract org.springframework.data.domain.Page com.toubibnet.toubibnet.repository.QuestionRepository.findByCategoryPrePage(com.toubibnet.toubibnet.model.Category,org.springframework.data.domain.Pageable)! Reason: Failed to create query for method public abstract org.springframework.data.domain.Page com.toubibnet.toubibnet.repository.QuestionRepository.findByCategoryPrePage(com.toubibnet.toubibnet.model.Category,org.springframework.data.domain.Pageable)! No property prePage found for type Category! Traversed path: Question.category.; nested exception is java.lang.IllegalArgumentException: Failed to create query for method public abstract org.springframework.data.domain.Page com.toubibnet.toubibnet.repository.QuestionRepository.findByCategoryPrePage(com.toubibnet.toubibnet.model.Category,org.springframework.data.domain.Pageable)! No property prePage found for type Category! Traversed path: Question.category.
	at org.springframework.beans.factory.annotation.AutowiredAnnotationBeanPostProcessor$AutowiredFieldElement.resolveFieldValue(AutowiredAnnotationBeanPostProcessor.java:659) ~[spring-beans-5.3.15.jar:5.3.15]
	at org.springframework.beans.factory.annotation.AutowiredAnnotationBeanPostProcessor$AutowiredFieldElement.inject(AutowiredAnnotationBeanPostProcessor.java:639) ~[spring-beans-5.3.15.jar:5.3.15]
	at org.springframework.beans.factory.annotation.InjectionMetadata.inject(InjectionMetadata.java:119) ~[spring-beans-5.3.15.jar:5.3.15]
	at org.springframework.beans.factory.annotation.AutowiredAnnotationBeanPostProcessor.postProcessProperties(AutowiredAnnotationBeanPostProcessor.java:399) ~[spring-beans-5.3.15.jar:5.3.15]
	at org.springframework.beans.factory.support.AbstractAutowireCapableBeanFactory.populateBean(AbstractAutowireCapableBeanFactory.java:1431) ~[spring-beans-5.3.15.jar:5.3.15]
	at org.springframework.beans.factory.support.AbstractAutowireCapableBeanFactory.doCreateBean(AbstractAutowireCapableBeanFactory.java:619) ~[spring-beans-5.3.15.jar:5.3.15]
	at org.springframework.beans.factory.support.AbstractAutowireCapableBeanFactory.createBean(AbstractAutowireCapableBeanFactory.java:542) ~[spring-beans-5.3.15.jar:5.3.15]
	at org.springframework.beans.factory.support.AbstractBeanFactory.lambda$doGetBean$0(AbstractBeanFactory.java:335) ~[spring-beans-5.3.15.jar:5.3.15]
	at org.springframework.beans.factory.support.DefaultSingletonBeanRegistry.getSingleton(DefaultSingletonBeanRegistry.java:234) ~[spring-beans-5.3.15.jar:5.3.15]
	at org.springframework.beans.factory.support.AbstractBeanFactory.doGetBean(AbstractBeanFactory.java:333) ~[spring-beans-5.3.15.jar:5.3.15]
	at org.springframework.beans.factory.support.AbstractBeanFactory.getBean(AbstractBeanFactory.java:208) ~[spring-beans-5.3.15.jar:5.3.15]
	at org.springframework.beans.factory.support.DefaultListableBeanFactory.preInstantiateSingletons(DefaultListableBeanFactory.java:953) ~[spring-beans-5.3.15.jar:5.3.15]
	at org.springframework.context.support.AbstractApplicationContext.finishBeanFactoryInitialization(AbstractApplicationContext.java:918) ~[spring-context-5.3.15.jar:5.3.15]
	at org.springframework.context.support.AbstractApplicationContext.refresh(AbstractApplicationContext.java:583) ~[spring-context-5.3.15.jar:5.3.15]
	at org.springframework.boot.web.servlet.context.ServletWebServerApplicationContext.refresh(ServletWebServerApplicationContext.java:145) ~[spring-boot-2.6.3.jar:2.6.3]
	at org.springframework.boot.SpringApplication.refresh(SpringApplication.java:732) [spring-boot-2.6.3.jar:2.6.3]
	at org.springframework.boot.SpringApplication.refreshContext(SpringApplication.java:414) [spring-boot-2.6.3.jar:2.6.3]
	at org.springframework.boot.SpringApplication.run(SpringApplication.java:302) [spring-boot-2.6.3.jar:2.6.3]
	at org.springframework.boot.SpringApplication.run(SpringApplication.java:1303) [spring-boot-2.6.3.jar:2.6.3]
	at org.springframework.boot.SpringApplication.run(SpringApplication.java:1292) [spring-boot-2.6.3.jar:2.6.3]
	at com.toubibnet.toubibnet.ToubibnetApplication.main(ToubibnetApplication.java:22) [classes/:na]
Caused by: org.springframework.beans.factory.UnsatisfiedDependencyException: Error creating bean with name 'answerService': Unsatisfied dependency expressed through field 'questionRepository'; nested exception is org.springframework.beans.factory.BeanCreationException: Error creating bean with name 'questionRepository' defined in com.toubibnet.toubibnet.repository.QuestionRepository defined in @EnableJpaRepositories declared on JpaRepositoriesRegistrar.EnableJpaRepositoriesConfiguration: Invocation of init method failed; nested exception is org.springframework.data.repository.query.QueryCreationException: Could not create query for public abstract org.springframework.data.domain.Page com.toubibnet.toubibnet.repository.QuestionRepository.findByCategoryPrePage(com.toubibnet.toubibnet.model.Category,org.springframework.data.domain.Pageable)! Reason: Failed to create query for method public abstract org.springframework.data.domain.Page com.toubibnet.toubibnet.repository.QuestionRepository.findByCategoryPrePage(com.toubibnet.toubibnet.model.Category,org.springframework.data.domain.Pageable)! No property prePage found for type Category! Traversed path: Question.category.; nested exception is java.lang.IllegalArgumentException: Failed to create query for method public abstract org.springframework.data.domain.Page com.toubibnet.toubibnet.repository.QuestionRepository.findByCategoryPrePage(com.toubibnet.toubibnet.model.Category,org.springframework.data.domain.Pageable)! No property prePage found for type Category! Traversed path: Question.category.
	at org.springframework.beans.factory.annotation.AutowiredAnnotationBeanPostProcessor$AutowiredFieldElement.resolveFieldValue(AutowiredAnnotationBeanPostProcessor.java:659) ~[spring-beans-5.3.15.jar:5.3.15]
	at org.springframework.beans.factory.annotation.AutowiredAnnotationBeanPostProcessor$AutowiredFieldElement.inject(AutowiredAnnotationBeanPostProcessor.java:639) ~[spring-beans-5.3.15.jar:5.3.15]
	at org.springframework.beans.factory.annotation.InjectionMetadata.inject(InjectionMetadata.java:119) ~[spring-beans-5.3.15.jar:5.3.15]
	at org.springframework.beans.factory.annotation.AutowiredAnnotationBeanPostProcessor.postProcessProperties(AutowiredAnnotationBeanPostProcessor.java:399) ~[spring-beans-5.3.15.jar:5.3.15]
	at org.springframework.beans.factory.support.AbstractAutowireCapableBeanFactory.populateBean(AbstractAutowireCapableBeanFactory.java:1431) ~[spring-beans-5.3.15.jar:5.3.15]
	at org.springframework.beans.factory.support.AbstractAutowireCapableBeanFactory.doCreateBean(AbstractAutowireCapableBeanFactory.java:619) ~[spring-beans-5.3.15.jar:5.3.15]
	at org.springframework.beans.factory.support.AbstractAutowireCapableBeanFactory.createBean(AbstractAutowireCapableBeanFactory.java:542) ~[spring-beans-5.3.15.jar:5.3.15]
	at org.springframework.beans.factory.support.AbstractBeanFactory.lambda$doGetBean$0(AbstractBeanFactory.java:335) ~[spring-beans-5.3.15.jar:5.3.15]
	at org.springframework.beans.factory.support.DefaultSingletonBeanRegistry.getSingleton(DefaultSingletonBeanRegistry.java:234) ~[spring-beans-5.3.15.jar:5.3.15]
	at org.springframework.beans.factory.support.AbstractBeanFactory.doGetBean(AbstractBeanFactory.java:333) ~[spring-beans-5.3.15.jar:5.3.15]
	at org.springframework.beans.factory.support.AbstractBeanFactory.getBean(AbstractBeanFactory.java:208) ~[spring-beans-5.3.15.jar:5.3.15]
	at org.springframework.beans.factory.config.DependencyDescriptor.resolveCandidate(DependencyDescriptor.java:276) ~[spring-beans-5.3.15.jar:5.3.15]
	at org.springframework.beans.factory.support.DefaultListableBeanFactory.doResolveDependency(DefaultListableBeanFactory.java:1389) ~[spring-beans-5.3.15.jar:5.3.15]
	at org.springframework.beans.factory.support.DefaultListableBeanFactory.resolveDependency(DefaultListableBeanFactory.java:1309) ~[spring-beans-5.3.15.jar:5.3.15]
	at org.springframework.beans.factory.annotation.AutowiredAnnotationBeanPostProcessor$AutowiredFieldElement.resolveFieldValue(AutowiredAnnotationBeanPostProcessor.java:656) ~[spring-beans-5.3.15.jar:5.3.15]
	... 20 common frames omitted
Caused by: org.springframework.beans.factory.BeanCreationException: Error creating bean with name 'questionRepository' defined in com.toubibnet.toubibnet.repository.QuestionRepository defined in @EnableJpaRepositories declared on JpaRepositoriesRegistrar.EnableJpaRepositoriesConfiguration: Invocation of init method failed; nested exception is org.springframework.data.repository.query.QueryCreationException: Could not create query for public abstract org.springframework.data.domain.Page com.toubibnet.toubibnet.repository.QuestionRepository.findByCategoryPrePage(com.toubibnet.toubibnet.model.Category,org.springframework.data.domain.Pageable)! Reason: Failed to create query for method public abstract org.springframework.data.domain.Page com.toubibnet.toubibnet.repository.QuestionRepository.findByCategoryPrePage(com.toubibnet.toubibnet.model.Category,org.springframework.data.domain.Pageable)! No property prePage found for type Category! Traversed path: Question.category.; nested exception is java.lang.IllegalArgumentException: Failed to create query for method public abstract org.springframework.data.domain.Page com.toubibnet.toubibnet.repository.QuestionRepository.findByCategoryPrePage(com.toubibnet.toubibnet.model.Category,org.springframework.data.domain.Pageable)! No property prePage found for type Category! Traversed path: Question.category.
	at org.springframework.beans.factory.support.AbstractAutowireCapableBeanFactory.initializeBean(AbstractAutowireCapableBeanFactory.java:1804) ~[spring-beans-5.3.15.jar:5.3.15]
	at org.springframework.beans.factory.support.AbstractAutowireCapableBeanFactory.doCreateBean(AbstractAutowireCapableBeanFactory.java:620) ~[spring-beans-5.3.15.jar:5.3.15]
	at org.springframework.beans.factory.support.AbstractAutowireCapableBeanFactory.createBean(AbstractAutowireCapableBeanFactory.java:542) ~[spring-beans-5.3.15.jar:5.3.15]
	at org.springframework.beans.factory.support.AbstractBeanFactory.lambda$doGetBean$0(AbstractBeanFactory.java:335) ~[spring-beans-5.3.15.jar:5.3.15]
	at org.springframework.beans.factory.support.DefaultSingletonBeanRegistry.getSingleton(DefaultSingletonBeanRegistry.java:234) ~[spring-beans-5.3.15.jar:5.3.15]
	at org.springframework.beans.factory.support.AbstractBeanFactory.doGetBean(AbstractBeanFactory.java:333) ~[spring-beans-5.3.15.jar:5.3.15]
	at org.springframework.beans.factory.support.AbstractBeanFactory.getBean(AbstractBeanFactory.java:208) ~[spring-beans-5.3.15.jar:5.3.15]
	at org.springframework.beans.factory.config.DependencyDescriptor.resolveCandidate(DependencyDescriptor.java:276) ~[spring-beans-5.3.15.jar:5.3.15]
	at org.springframework.beans.factory.support.DefaultListableBeanFactory.doResolveDependency(DefaultListableBeanFactory.java:1389) ~[spring-beans-5.3.15.jar:5.3.15]
	at org.springframework.beans.factory.support.DefaultListableBeanFactory.resolveDependency(DefaultListableBeanFactory.java:1309) ~[spring-beans-5.3.15.jar:5.3.15]
	at org.springframework.beans.factory.annotation.AutowiredAnnotationBeanPostProcessor$AutowiredFieldElement.resolveFieldValue(AutowiredAnnotationBeanPostProcessor.java:656) ~[spring-beans-5.3.15.jar:5.3.15]
	... 34 common frames omitted
Caused by: org.springframework.data.repository.query.QueryCreationException: Could not create query for public abstract org.springframework.data.domain.Page com.toubibnet.toubibnet.repository.QuestionRepository.findByCategoryPrePage(com.toubibnet.toubibnet.model.Category,org.springframework.data.domain.Pageable)! Reason: Failed to create query for method public abstract org.springframework.data.domain.Page com.toubibnet.toubibnet.repository.QuestionRepository.findByCategoryPrePage(com.toubibnet.toubibnet.model.Category,org.springframework.data.domain.Pageable)! No property prePage found for type Category! Traversed path: Question.category.; nested exception is java.lang.IllegalArgumentException: Failed to create query for method public abstract org.springframework.data.domain.Page com.toubibnet.toubibnet.repository.QuestionRepository.findByCategoryPrePage(com.toubibnet.toubibnet.model.Category,org.springframework.data.domain.Pageable)! No property prePage found for type Category! Traversed path: Question.category.
	at org.springframework.data.repository.query.QueryCreationException.create(QueryCreationException.java:101) ~[spring-data-commons-2.6.1.jar:2.6.1]
	at org.springframework.data.repository.core.support.QueryExecutorMethodInterceptor.lookupQuery(QueryExecutorMethodInterceptor.java:106) ~[spring-data-commons-2.6.1.jar:2.6.1]
	at org.springframework.data.repository.core.support.QueryExecutorMethodInterceptor.lambda$mapMethodsToQuery$1(QueryExecutorMethodInterceptor.java:94) ~[spring-data-commons-2.6.1.jar:2.6.1]
	at java.util.stream.ReferencePipeline$3$1.accept(ReferencePipeline.java:193) ~[na:1.8.0_201]
	at java.util.Iterator.forEachRemaining(Iterator.java:116) ~[na:1.8.0_201]
	at java.util.Collections$UnmodifiableCollection$1.forEachRemaining(Collections.java:1049) ~[na:1.8.0_201]
	at java.util.Spliterators$IteratorSpliterator.forEachRemaining(Spliterators.java:1801) ~[na:1.8.0_201]
	at java.util.stream.AbstractPipeline.copyInto(AbstractPipeline.java:481) ~[na:1.8.0_201]
	at java.util.stream.AbstractPipeline.wrapAndCopyInto(AbstractPipeline.java:471) ~[na:1.8.0_201]
	at java.util.stream.ReduceOps$ReduceOp.evaluateSequential(ReduceOps.java:708) ~[na:1.8.0_201]
	at java.util.stream.AbstractPipeline.evaluate(AbstractPipeline.java:234) ~[na:1.8.0_201]
	at java.util.stream.ReferencePipeline.collect(ReferencePipeline.java:499) ~[na:1.8.0_201]
	at org.springframework.data.repository.core.support.QueryExecutorMethodInterceptor.mapMethodsToQuery(QueryExecutorMethodInterceptor.java:96) ~[spring-data-commons-2.6.1.jar:2.6.1]
	at org.springframework.data.repository.core.support.QueryExecutorMethodInterceptor.lambda$new$0(QueryExecutorMethodInterceptor.java:86) ~[spring-data-commons-2.6.1.jar:2.6.1]
	at java.util.Optional.map(Optional.java:215) ~[na:1.8.0_201]
	at org.springframework.data.repository.core.support.QueryExecutorMethodInterceptor.<init>(QueryExecutorMethodInterceptor.java:86) ~[spring-data-commons-2.6.1.jar:2.6.1]
	at org.springframework.data.repository.core.support.RepositoryFactorySupport.getRepository(RepositoryFactorySupport.java:364) ~[spring-data-commons-2.6.1.jar:2.6.1]
	at org.springframework.data.repository.core.support.RepositoryFactoryBeanSupport.lambda$afterPropertiesSet$5(RepositoryFactoryBeanSupport.java:322) ~[spring-data-commons-2.6.1.jar:2.6.1]
	at org.springframework.data.util.Lazy.getNullable(Lazy.java:230) ~[spring-data-commons-2.6.1.jar:2.6.1]
	at org.springframework.data.util.Lazy.get(Lazy.java:114) ~[spring-data-commons-2.6.1.jar:2.6.1]
	at org.springframework.data.repository.core.support.RepositoryFactoryBeanSupport.afterPropertiesSet(RepositoryFactoryBeanSupport.java:328) ~[spring-data-commons-2.6.1.jar:2.6.1]
	at org.springframework.data.jpa.repository.support.JpaRepositoryFactoryBean.afterPropertiesSet(JpaRepositoryFactoryBean.java:144) ~[spring-data-jpa-2.6.1.jar:2.6.1]
	at org.springframework.beans.factory.support.AbstractAutowireCapableBeanFactory.invokeInitMethods(AbstractAutowireCapableBeanFactory.java:1863) ~[spring-beans-5.3.15.jar:5.3.15]
	at org.springframework.beans.factory.support.AbstractAutowireCapableBeanFactory.initializeBean(AbstractAutowireCapableBeanFactory.java:1800) ~[spring-beans-5.3.15.jar:5.3.15]
	... 44 common frames omitted
Caused by: java.lang.IllegalArgumentException: Failed to create query for method public abstract org.springframework.data.domain.Page com.toubibnet.toubibnet.repository.QuestionRepository.findByCategoryPrePage(com.toubibnet.toubibnet.model.Category,org.springframework.data.domain.Pageable)! No property prePage found for type Category! Traversed path: Question.category.
	at org.springframework.data.jpa.repository.query.PartTreeJpaQuery.<init>(PartTreeJpaQuery.java:96) ~[spring-data-jpa-2.6.1.jar:2.6.1]
	at org.springframework.data.jpa.repository.query.JpaQueryLookupStrategy$CreateQueryLookupStrategy.resolveQuery(JpaQueryLookupStrategy.java:113) ~[spring-data-jpa-2.6.1.jar:2.6.1]
	at org.springframework.data.jpa.repository.query.JpaQueryLookupStrategy$CreateIfNotFoundQueryLookupStrategy.resolveQuery(JpaQueryLookupStrategy.java:254) ~[spring-data-jpa-2.6.1.jar:2.6.1]
	at org.springframework.data.jpa.repository.query.JpaQueryLookupStrategy$AbstractQueryLookupStrategy.resolveQuery(JpaQueryLookupStrategy.java:87) ~[spring-data-jpa-2.6.1.jar:2.6.1]
	at org.springframework.data.repository.core.support.QueryExecutorMethodInterceptor.lookupQuery(QueryExecutorMethodInterceptor.java:102) ~[spring-data-commons-2.6.1.jar:2.6.1]
	... 66 common frames omitted
Caused by: org.springframework.data.mapping.PropertyReferenceException: No property prePage found for type Category! Traversed path: Question.category.
	at org.springframework.data.mapping.PropertyPath.<init>(PropertyPath.java:90) ~[spring-data-commons-2.6.1.jar:2.6.1]
	at org.springframework.data.mapping.PropertyPath.create(PropertyPath.java:437) ~[spring-data-commons-2.6.1.jar:2.6.1]
	at org.springframework.data.mapping.PropertyPath.create(PropertyPath.java:413) ~[spring-data-commons-2.6.1.jar:2.6.1]
	at org.springframework.data.mapping.PropertyPath.create(PropertyPath.java:447) ~[spring-data-commons-2.6.1.jar:2.6.1]
	at org.springframework.data.mapping.PropertyPath.create(PropertyPath.java:470) ~[spring-data-commons-2.6.1.jar:2.6.1]
	at org.springframework.data.mapping.PropertyPath.create(PropertyPath.java:470) ~[spring-data-commons-2.6.1.jar:2.6.1]
	at org.springframework.data.mapping.PropertyPath.create(PropertyPath.java:413) ~[spring-data-commons-2.6.1.jar:2.6.1]
	at org.springframework.data.mapping.PropertyPath.lambda$from$0(PropertyPath.java:366) ~[spring-data-commons-2.6.1.jar:2.6.1]
	at java.util.concurrent.ConcurrentMap.computeIfAbsent(ConcurrentMap.java:324) ~[na:1.8.0_201]
	at org.springframework.data.mapping.PropertyPath.from(PropertyPath.java:348) ~[spring-data-commons-2.6.1.jar:2.6.1]
	at org.springframework.data.mapping.PropertyPath.from(PropertyPath.java:331) ~[spring-data-commons-2.6.1.jar:2.6.1]
	at org.springframework.data.repository.query.parser.Part.<init>(Part.java:81) ~[spring-data-commons-2.6.1.jar:2.6.1]
	at org.springframework.data.repository.query.parser.PartTree$OrPart.lambda$new$0(PartTree.java:249) ~[spring-data-commons-2.6.1.jar:2.6.1]
	at java.util.stream.ReferencePipeline$3$1.accept(ReferencePipeline.java:193) ~[na:1.8.0_201]
	at java.util.stream.ReferencePipeline$2$1.accept(ReferencePipeline.java:175) ~[na:1.8.0_201]
	at java.util.Spliterators$ArraySpliterator.forEachRemaining(Spliterators.java:948) ~[na:1.8.0_201]
	at java.util.stream.AbstractPipeline.copyInto(AbstractPipeline.java:481) ~[na:1.8.0_201]
	at java.util.stream.AbstractPipeline.wrapAndCopyInto(AbstractPipeline.java:471) ~[na:1.8.0_201]
	at java.util.stream.ReduceOps$ReduceOp.evaluateSequential(ReduceOps.java:708) ~[na:1.8.0_201]
	at java.util.stream.AbstractPipeline.evaluate(AbstractPipeline.java:234) ~[na:1.8.0_201]
	at java.util.stream.ReferencePipeline.collect(ReferencePipeline.java:499) ~[na:1.8.0_201]
	at org.springframework.data.repository.query.parser.PartTree$OrPart.<init>(PartTree.java:250) ~[spring-data-commons-2.6.1.jar:2.6.1]
	at org.springframework.data.repository.query.parser.PartTree$Predicate.lambda$new$0(PartTree.java:383) ~[spring-data-commons-2.6.1.jar:2.6.1]
	at java.util.stream.ReferencePipeline$3$1.accept(ReferencePipeline.java:193) ~[na:1.8.0_201]
	at java.util.stream.ReferencePipeline$2$1.accept(ReferencePipeline.java:175) ~[na:1.8.0_201]
	at java.util.Spliterators$ArraySpliterator.forEachRemaining(Spliterators.java:948) ~[na:1.8.0_201]
	at java.util.stream.AbstractPipeline.copyInto(AbstractPipeline.java:481) ~[na:1.8.0_201]
	at java.util.stream.AbstractPipeline.wrapAndCopyInto(AbstractPipeline.java:471) ~[na:1.8.0_201]
	at java.util.stream.ReduceOps$ReduceOp.evaluateSequential(ReduceOps.java:708) ~[na:1.8.0_201]
	at java.util.stream.AbstractPipeline.evaluate(AbstractPipeline.java:234) ~[na:1.8.0_201]
	at java.util.stream.ReferencePipeline.collect(ReferencePipeline.java:499) ~[na:1.8.0_201]
	at org.springframework.data.repository.query.parser.PartTree$Predicate.<init>(PartTree.java:384) ~[spring-data-commons-2.6.1.jar:2.6.1]
	at org.springframework.data.repository.query.parser.PartTree.<init>(PartTree.java:95) ~[spring-data-commons-2.6.1.jar:2.6.1]
	at org.springframework.data.jpa.repository.query.PartTreeJpaQuery.<init>(PartTreeJpaQuery.java:89) ~[spring-data-jpa-2.6.1.jar:2.6.1]
	... 70 common frames omitted

2022-03-03 09:55:51.471  INFO 585692 --- [main] c.t.toubibnet.ToubibnetApplication       : Starting ToubibnetApplication using Java 1.8.0_201 on saif-HP-Laptop-15-bs0xx with PID 585692 (/home/saif/ADS-Formation/toubibnet/toubibnet/target/classes started by saif in /home/saif/ADS-Formation/toubibnet/toubibnet)
2022-03-03 09:55:51.480  INFO 585692 --- [main] c.t.toubibnet.ToubibnetApplication       : No active profile set, falling back to default profiles: default
2022-03-03 09:55:52.515  INFO 585692 --- [main] .s.d.r.c.RepositoryConfigurationDelegate : Bootstrapping Spring Data JPA repositories in DEFAULT mode.
2022-03-03 09:55:52.597  INFO 585692 --- [main] .s.d.r.c.RepositoryConfigurationDelegate : Finished Spring Data repository scanning in 74 ms. Found 9 JPA repository interfaces.
2022-03-03 09:55:53.295  INFO 585692 --- [main] o.s.b.w.embedded.tomcat.TomcatWebServer  : Tomcat initialized with port(s): 8080 (http)
2022-03-03 09:55:53.302  INFO 585692 --- [main] o.apache.catalina.core.StandardService   : Starting service [Tomcat]
2022-03-03 09:55:53.303  INFO 585692 --- [main] org.apache.catalina.core.StandardEngine  : Starting Servlet engine: [Apache Tomcat/9.0.56]
2022-03-03 09:55:53.358  INFO 585692 --- [main] o.a.c.c.C.[Tomcat].[localhost].[/]       : Initializing Spring embedded WebApplicationContext
2022-03-03 09:55:53.358  INFO 585692 --- [main] w.s.c.ServletWebServerApplicationContext : Root WebApplicationContext: initialization completed in 1802 ms
2022-03-03 09:55:53.592  INFO 585692 --- [main] o.hibernate.jpa.internal.util.LogHelper  : HHH000204: Processing PersistenceUnitInfo [name: default]
2022-03-03 09:55:53.625  INFO 585692 --- [main] org.hibernate.Version                    : HHH000412: Hibernate ORM core version 5.6.4.Final
2022-03-03 09:55:53.734  INFO 585692 --- [main] o.hibernate.annotations.common.Version   : HCANN000001: Hibernate Commons Annotations {5.1.2.Final}
2022-03-03 09:55:53.886  INFO 585692 --- [main] com.zaxxer.hikari.HikariDataSource       : HikariPool-1 - Starting...
2022-03-03 09:55:53.992  INFO 585692 --- [main] com.zaxxer.hikari.HikariDataSource       : HikariPool-1 - Start completed.
2022-03-03 09:55:54.002  INFO 585692 --- [main] org.hibernate.dialect.Dialect            : HHH000400: Using dialect: org.hibernate.dialect.MySQL57Dialect
2022-03-03 09:55:54.764  INFO 585692 --- [main] o.h.e.t.j.p.i.JtaPlatformInitiator       : HHH000490: Using JtaPlatform implementation: [org.hibernate.engine.transaction.jta.platform.internal.NoJtaPlatform]
2022-03-03 09:55:54.771  INFO 585692 --- [main] j.LocalContainerEntityManagerFactoryBean : Initialized JPA EntityManagerFactory for persistence unit 'default'
2022-03-03 09:55:55.193  WARN 585692 --- [main] JpaBaseConfiguration$JpaWebConfiguration : spring.jpa.open-in-view is enabled by default. Therefore, database queries may be performed during view rendering. Explicitly configure spring.jpa.open-in-view to disable this warning
2022-03-03 09:55:56.213  INFO 585692 --- [main] o.s.s.web.DefaultSecurityFilterChain     : Will secure any request with [org.springframework.security.web.context.request.async.WebAsyncManagerIntegrationFilter@229cb4d8, org.springframework.security.web.context.SecurityContextPersistenceFilter@528f5b7f, org.springframework.security.web.header.HeaderWriterFilter@40ac0a56, org.springframework.web.filter.CorsFilter@76e9eed8, org.springframework.security.web.authentication.logout.LogoutFilter@70ecf57b, com.toubibnet.toubibnet.config.JwtRequestFilter@7956f93a, org.springframework.security.web.savedrequest.RequestCacheAwareFilter@5c41b8d8, org.springframework.security.web.servletapi.SecurityContextHolderAwareRequestFilter@d512c1, org.springframework.security.web.authentication.AnonymousAuthenticationFilter@30ef32eb, org.springframework.security.web.session.SessionManagementFilter@4db46344, org.springframework.security.web.access.ExceptionTranslationFilter@73a49597, org.springframework.security.web.access.intercept.FilterSecurityInterceptor@86377d5]
2022-03-03 09:55:56.916  INFO 585692 --- [main] o.s.b.w.embedded.tomcat.TomcatWebServer  : Tomcat started on port(s): 8080 (http) with context path ''
2022-03-03 09:55:56.926  INFO 585692 --- [main] c.t.toubibnet.ToubibnetApplication       : Started ToubibnetApplication in 5.96 seconds (JVM running for 6.658)
2022-03-03 10:02:18.425  INFO 585692 --- [http-nio-8080-exec-2] o.a.c.c.C.[Tomcat].[localhost].[/]       : Initializing Spring DispatcherServlet 'dispatcherServlet'
2022-03-03 10:02:18.425  INFO 585692 --- [http-nio-8080-exec-2] o.s.web.servlet.DispatcherServlet        : Initializing Servlet 'dispatcherServlet'
2022-03-03 10:02:18.427  INFO 585692 --- [http-nio-8080-exec-2] o.s.web.servlet.DispatcherServlet        : Completed initialization in 2 ms
2022-03-03 10:02:19.096  INFO 585692 --- [http-nio-8080-exec-4] c.t.t.controller.QuestionController      : getAllQuestion
2022-03-03 10:10:22.713  INFO 585692 --- [http-nio-8080-exec-7] c.t.t.controller.QuestionController      : getAllQuestion
2022-03-03 10:10:46.695  INFO 585692 --- [http-nio-8080-exec-2] c.t.t.controller.QuestionController      : getAllQuestion
2022-03-03 10:10:53.914  INFO 585692 --- [http-nio-8080-exec-1] c.t.t.controller.QuestionController      : getQuestionByCategory/Rhumatologie
2022-03-03 10:11:11.297  INFO 585692 --- [http-nio-8080-exec-4] c.t.t.controller.QuestionController      : getQuestionByCategory/Cardiologie
2022-03-03 10:11:14.952  INFO 585692 --- [http-nio-8080-exec-6] c.t.t.controller.QuestionController      : getAllQuestion
2022-03-03 10:11:18.587  INFO 585692 --- [http-nio-8080-exec-8] c.t.t.controller.QuestionController      : getQuestionByCategory/Gynecologie
2022-03-03 10:11:52.739  INFO 585692 --- [http-nio-8080-exec-10] c.t.t.controller.QuestionController      : getQuestionByCategory/Rhumatologie
2022-03-03 10:13:13.380  INFO 585692 --- [http-nio-8080-exec-1] c.t.t.controller.QuestionController      : getAllQuestion
2022-03-03 10:30:03.916  INFO 585692 --- [http-nio-8080-exec-5] c.t.t.controller.QuestionController      : getAllQuestion
2022-03-03 10:30:48.400  INFO 585692 --- [http-nio-8080-exec-10] c.t.t.controller.QuestionController      : getAllQuestion
2022-03-03 10:31:25.675  INFO 585692 --- [http-nio-8080-exec-1] c.t.t.controller.QuestionController      : getAllQuestion
2022-03-03 10:32:46.575  INFO 585692 --- [http-nio-8080-exec-8] c.t.t.controller.QuestionController      : getAllQuestion
2022-03-03 10:33:29.117  INFO 585692 --- [http-nio-8080-exec-9] c.t.t.controller.QuestionController      : getAllQuestion
2022-03-03 10:34:04.167  INFO 585692 --- [http-nio-8080-exec-1] c.t.t.controller.QuestionController      : getAllQuestion
2022-03-03 10:34:56.683  INFO 585692 --- [http-nio-8080-exec-6] c.t.t.controller.QuestionController      : getAllQuestion
2022-03-03 10:36:28.375  INFO 585692 --- [http-nio-8080-exec-2] c.t.t.controller.QuestionController      : getAllQuestion
2022-03-03 10:37:17.010  INFO 585692 --- [http-nio-8080-exec-10] c.t.t.controller.QuestionController      : getAllQuestion
2022-03-03 10:37:56.967  INFO 585692 --- [http-nio-8080-exec-5] c.t.t.controller.QuestionController      : getAllQuestion
2022-03-03 10:38:49.467  INFO 585692 --- [http-nio-8080-exec-7] c.t.t.controller.QuestionController      : getAllQuestion
2022-03-03 10:39:50.394  INFO 585692 --- [http-nio-8080-exec-3] c.t.t.controller.QuestionController      : getAllQuestion
2022-03-03 10:40:10.115  INFO 585692 --- [http-nio-8080-exec-4] c.t.t.controller.QuestionController      : getAllQuestion
2022-03-03 10:41:01.741  INFO 585692 --- [http-nio-8080-exec-5] c.t.t.controller.QuestionController      : getAllQuestion
2022-03-03 10:41:50.621  INFO 585692 --- [http-nio-8080-exec-10] c.t.t.controller.QuestionController      : getAllQuestion
2022-03-03 10:43:24.379  INFO 585692 --- [http-nio-8080-exec-5] c.t.t.controller.QuestionController      : getAllQuestion
2022-03-03 10:49:50.321  INFO 585692 --- [http-nio-8080-exec-6] c.t.t.controller.QuestionController      : getAllQuestion
2022-03-03 10:53:27.461  INFO 585692 --- [http-nio-8080-exec-9] c.t.t.controller.QuestionController      : getAllQuestion
2022-03-03 10:58:05.094  INFO 585692 --- [SpringApplicationShutdownHook] j.LocalContainerEntityManagerFactoryBean : Closing JPA EntityManagerFactory for persistence unit 'default'
2022-03-03 10:58:05.097  INFO 585692 --- [SpringApplicationShutdownHook] com.zaxxer.hikari.HikariDataSource       : HikariPool-1 - Shutdown initiated...
2022-03-03 10:58:05.104  INFO 585692 --- [SpringApplicationShutdownHook] com.zaxxer.hikari.HikariDataSource       : HikariPool-1 - Shutdown completed.
2022-03-03 10:58:14.273  INFO 600139 --- [main] c.t.toubibnet.ToubibnetApplication       : Starting ToubibnetApplication using Java 1.8.0_201 on saif-HP-Laptop-15-bs0xx with PID 600139 (/home/saif/ADS-Formation/toubibnet/toubibnet/target/classes started by saif in /home/saif/ADS-Formation/toubibnet/toubibnet)
2022-03-03 10:58:14.334  INFO 600139 --- [main] c.t.toubibnet.ToubibnetApplication       : No active profile set, falling back to default profiles: default
2022-03-03 10:58:15.426  INFO 600139 --- [main] .s.d.r.c.RepositoryConfigurationDelegate : Bootstrapping Spring Data JPA repositories in DEFAULT mode.
2022-03-03 10:58:15.522  INFO 600139 --- [main] .s.d.r.c.RepositoryConfigurationDelegate : Finished Spring Data repository scanning in 90 ms. Found 9 JPA repository interfaces.
2022-03-03 10:58:16.220  INFO 600139 --- [main] o.s.b.w.embedded.tomcat.TomcatWebServer  : Tomcat initialized with port(s): 8080 (http)
2022-03-03 10:58:16.228  INFO 600139 --- [main] o.apache.catalina.core.StandardService   : Starting service [Tomcat]
2022-03-03 10:58:16.228  INFO 600139 --- [main] org.apache.catalina.core.StandardEngine  : Starting Servlet engine: [Apache Tomcat/9.0.56]
2022-03-03 10:58:16.311  INFO 600139 --- [main] o.a.c.c.C.[Tomcat].[localhost].[/]       : Initializing Spring embedded WebApplicationContext
2022-03-03 10:58:16.311  INFO 600139 --- [main] w.s.c.ServletWebServerApplicationContext : Root WebApplicationContext: initialization completed in 1843 ms
2022-03-03 10:58:16.592  INFO 600139 --- [main] o.hibernate.jpa.internal.util.LogHelper  : HHH000204: Processing PersistenceUnitInfo [name: default]
2022-03-03 10:58:16.623  INFO 600139 --- [main] org.hibernate.Version                    : HHH000412: Hibernate ORM core version 5.6.4.Final
2022-03-03 10:58:16.728  INFO 600139 --- [main] o.hibernate.annotations.common.Version   : HCANN000001: Hibernate Commons Annotations {5.1.2.Final}
2022-03-03 10:58:16.883  INFO 600139 --- [main] com.zaxxer.hikari.HikariDataSource       : HikariPool-1 - Starting...
2022-03-03 10:58:16.985  INFO 600139 --- [main] com.zaxxer.hikari.HikariDataSource       : HikariPool-1 - Start completed.
2022-03-03 10:58:16.993  INFO 600139 --- [main] org.hibernate.dialect.Dialect            : HHH000400: Using dialect: org.hibernate.dialect.MySQL57Dialect
2022-03-03 10:58:17.753  INFO 600139 --- [main] o.h.e.t.j.p.i.JtaPlatformInitiator       : HHH000490: Using JtaPlatform implementation: [org.hibernate.engine.transaction.jta.platform.internal.NoJtaPlatform]
2022-03-03 10:58:17.760  INFO 600139 --- [main] j.LocalContainerEntityManagerFactoryBean : Initialized JPA EntityManagerFactory for persistence unit 'default'
2022-03-03 10:58:18.167  WARN 600139 --- [main] JpaBaseConfiguration$JpaWebConfiguration : spring.jpa.open-in-view is enabled by default. Therefore, database queries may be performed during view rendering. Explicitly configure spring.jpa.open-in-view to disable this warning
2022-03-03 10:58:19.171  INFO 600139 --- [main] o.s.s.web.DefaultSecurityFilterChain     : Will secure any request with [org.springframework.security.web.context.request.async.WebAsyncManagerIntegrationFilter@774013dc, org.springframework.security.web.context.SecurityContextPersistenceFilter@39f4a7c4, org.springframework.security.web.header.HeaderWriterFilter@56c6d515, org.springframework.web.filter.CorsFilter@229cb4d8, org.springframework.security.web.authentication.logout.LogoutFilter@6ed691fd, com.toubibnet.toubibnet.config.JwtRequestFilter@58aa5c94, org.springframework.security.web.savedrequest.RequestCacheAwareFilter@1ff542a3, org.springframework.security.web.servletapi.SecurityContextHolderAwareRequestFilter@218f2f51, org.springframework.security.web.authentication.AnonymousAuthenticationFilter@76e9eed8, org.springframework.security.web.session.SessionManagementFilter@d512c1, org.springframework.security.web.access.ExceptionTranslationFilter@5e6522a6, org.springframework.security.web.access.intercept.FilterSecurityInterceptor@37fca349]
2022-03-03 10:58:19.941  INFO 600139 --- [main] o.s.b.w.embedded.tomcat.TomcatWebServer  : Tomcat started on port(s): 8080 (http) with context path ''
2022-03-03 10:58:19.955  INFO 600139 --- [main] c.t.toubibnet.ToubibnetApplication       : Started ToubibnetApplication in 6.222 seconds (JVM running for 7.103)
2022-03-03 10:58:28.987  INFO 600139 --- [http-nio-8080-exec-2] o.a.c.c.C.[Tomcat].[localhost].[/]       : Initializing Spring DispatcherServlet 'dispatcherServlet'
2022-03-03 10:58:28.987  INFO 600139 --- [http-nio-8080-exec-2] o.s.web.servlet.DispatcherServlet        : Initializing Servlet 'dispatcherServlet'
2022-03-03 10:58:28.989  INFO 600139 --- [http-nio-8080-exec-2] o.s.web.servlet.DispatcherServlet        : Completed initialization in 2 ms
2022-03-03 10:58:29.440  INFO 600139 --- [http-nio-8080-exec-3] c.t.t.controller.QuestionController      : getAllQuestion
2022-03-03 10:58:29.440  INFO 600139 --- [http-nio-8080-exec-1] c.t.t.controller.QuestionController      : getAllQuestion
2022-03-03 10:58:35.879  INFO 600139 --- [http-nio-8080-exec-6] c.t.t.controller.QuestionController      : getAllQuestion
2022-03-03 10:58:35.881  INFO 600139 --- [http-nio-8080-exec-7] c.t.t.controller.QuestionController      : getAllQuestion
2022-03-03 10:59:33.773  INFO 600139 --- [http-nio-8080-exec-9] c.t.t.controller.QuestionController      : getAllQuestion
2022-03-03 10:59:33.789  INFO 600139 --- [http-nio-8080-exec-10] c.t.t.controller.QuestionController      : getAllQuestion
2022-03-03 10:59:39.466  INFO 600139 --- [http-nio-8080-exec-5] c.t.t.controller.QuestionController      : getAllQuestion
2022-03-03 10:59:39.476  INFO 600139 --- [http-nio-8080-exec-3] c.t.t.controller.QuestionController      : getAllQuestion
2022-03-03 11:00:06.098  INFO 600139 --- [http-nio-8080-exec-8] c.t.t.controller.QuestionController      : getAllQuestion
2022-03-03 11:00:06.107  INFO 600139 --- [http-nio-8080-exec-2] c.t.t.controller.QuestionController      : getAllQuestion
2022-03-03 11:00:09.281  INFO 600139 --- [http-nio-8080-exec-1] c.t.t.controller.QuestionController      : getAllQuestion
2022-03-03 11:00:09.292  INFO 600139 --- [http-nio-8080-exec-10] c.t.t.controller.QuestionController      : getAllQuestion
2022-03-03 11:01:03.510  INFO 600139 --- [http-nio-8080-exec-4] c.t.t.controller.QuestionController      : getAllQuestion
2022-03-03 11:01:03.518  INFO 600139 --- [http-nio-8080-exec-7] c.t.t.controller.QuestionController      : getAllQuestion
2022-03-03 11:01:10.222  INFO 600139 --- [http-nio-8080-exec-8] c.t.t.controller.QuestionController      : getAllQuestion
2022-03-03 11:01:10.233  INFO 600139 --- [http-nio-8080-exec-2] c.t.t.controller.QuestionController      : getAllQuestion
2022-03-03 11:01:25.532  INFO 600139 --- [http-nio-8080-exec-1] c.t.t.controller.QuestionController      : getAllQuestion
2022-03-03 11:01:25.559  INFO 600139 --- [http-nio-8080-exec-10] c.t.t.controller.QuestionController      : getAllQuestion
2022-03-03 11:01:30.014  INFO 600139 --- [http-nio-8080-exec-5] c.t.t.controller.QuestionController      : getAllQuestion
2022-03-03 11:01:30.023  INFO 600139 --- [http-nio-8080-exec-9] c.t.t.controller.QuestionController      : getAllQuestion
2022-03-03 11:03:09.138  INFO 600139 --- [http-nio-8080-exec-1] c.t.t.controller.QuestionController      : getAllQuestion
2022-03-03 11:03:09.148  INFO 600139 --- [http-nio-8080-exec-2] c.t.t.controller.QuestionController      : getAllQuestion
2022-03-03 11:03:52.915  INFO 600139 --- [http-nio-8080-exec-7] c.t.t.controller.QuestionController      : getAllQuestion
2022-03-03 11:03:52.921  INFO 600139 --- [http-nio-8080-exec-4] c.t.t.controller.QuestionController      : getAllQuestion
2022-03-03 11:04:13.454  INFO 600139 --- [http-nio-8080-exec-2] c.t.t.controller.QuestionController      : getAllQuestion
2022-03-03 11:04:13.456  INFO 600139 --- [http-nio-8080-exec-10] c.t.t.controller.QuestionController      : getAllQuestion
2022-03-03 11:04:19.945  INFO 600139 --- [http-nio-8080-exec-7] c.t.t.controller.QuestionController      : getAllQuestion
2022-03-03 11:04:19.948  INFO 600139 --- [http-nio-8080-exec-4] c.t.t.controller.QuestionController      : getAllQuestion
2022-03-03 11:04:21.690  INFO 600139 --- [http-nio-8080-exec-8] c.t.t.controller.QuestionController      : getAllQuestion
2022-03-03 11:04:21.702  INFO 600139 --- [http-nio-8080-exec-1] c.t.t.controller.QuestionController      : getAllQuestion
2022-03-03 11:04:28.503  INFO 600139 --- [http-nio-8080-exec-3] c.t.t.controller.QuestionController      : getAllQuestion
2022-03-03 11:04:28.504  INFO 600139 --- [http-nio-8080-exec-10] c.t.t.controller.QuestionController      : getAllQuestion
2022-03-03 11:04:33.672  WARN 600139 --- [http-nio-8080-exec-4] .w.s.m.s.DefaultHandlerExceptionResolver : Resolved [org.springframework.web.method.annotation.MethodArgumentTypeMismatchException: Failed to convert value of type 'java.lang.String' to required type 'com.toubibnet.toubibnet.model.Category'; nested exception is org.springframework.core.convert.ConversionFailedException: Failed to convert from type [java.lang.String] to type [@org.springframework.web.bind.annotation.PathVariable com.toubibnet.toubibnet.model.Category] for value 'All'; nested exception is java.lang.IllegalArgumentException: No enum constant com.toubibnet.toubibnet.model.Category.All]
2022-03-03 11:04:33.677  WARN 600139 --- [http-nio-8080-exec-9] .w.s.m.s.DefaultHandlerExceptionResolver : Resolved [org.springframework.web.method.annotation.MethodArgumentTypeMismatchException: Failed to convert value of type 'java.lang.String' to required type 'com.toubibnet.toubibnet.model.Category'; nested exception is org.springframework.core.convert.ConversionFailedException: Failed to convert from type [java.lang.String] to type [@org.springframework.web.bind.annotation.PathVariable com.toubibnet.toubibnet.model.Category] for value 'All'; nested exception is java.lang.IllegalArgumentException: No enum constant com.toubibnet.toubibnet.model.Category.All]
2022-03-03 11:04:39.983  INFO 600139 --- [http-nio-8080-exec-1] c.t.t.controller.QuestionController      : getQuestionByCategory/Gynecologie
2022-03-03 11:04:39.983  INFO 600139 --- [http-nio-8080-exec-8] c.t.t.controller.QuestionController      : getQuestionByCategory/Gynecologie
2022-03-03 11:05:18.167  INFO 600139 --- [http-nio-8080-exec-2] c.t.t.controller.QuestionController      : getQuestionByCategory/Rhumatologie
2022-03-03 11:05:18.176  INFO 600139 --- [http-nio-8080-exec-5] c.t.t.controller.QuestionController      : getQuestionByCategory/Rhumatologie
2022-03-03 11:05:42.330  INFO 600139 --- [http-nio-8080-exec-8] c.t.t.controller.QuestionController      : getQuestionByCategory/Cardiologie
2022-03-03 11:05:42.335  INFO 600139 --- [http-nio-8080-exec-7] c.t.t.controller.QuestionController      : getQuestionByCategory/Cardiologie
2022-03-03 11:05:45.046  INFO 600139 --- [http-nio-8080-exec-3] c.t.t.controller.QuestionController      : getQuestionByCategory/Gynecologie
2022-03-03 11:05:45.047  INFO 600139 --- [http-nio-8080-exec-1] c.t.t.controller.QuestionController      : getQuestionByCategory/Gynecologie
2022-03-03 11:05:50.403  INFO 600139 --- [http-nio-8080-exec-4] c.t.t.controller.QuestionController      : getQuestionByid/6
2022-03-03 11:05:56.787  INFO 600139 --- [http-nio-8080-exec-6] c.t.t.controller.QuestionController      : updateQuestion= 6
2022-03-03 11:05:58.437  INFO 600139 --- [http-nio-8080-exec-8] c.t.t.controller.QuestionController      : getAllQuestion
2022-03-03 11:05:58.439  INFO 600139 --- [http-nio-8080-exec-7] c.t.t.controller.QuestionController      : getAllQuestion
2022-03-03 11:06:05.171  INFO 600139 --- [http-nio-8080-exec-10] c.t.t.controller.QuestionController      : getQuestionByCategory/Rhumatologie
2022-03-03 11:06:05.173  INFO 600139 --- [http-nio-8080-exec-1] c.t.t.controller.QuestionController      : getQuestionByCategory/Rhumatologie
2022-03-03 11:06:07.690  INFO 600139 --- [http-nio-8080-exec-4] c.t.t.controller.QuestionController      : getQuestionByCategory/Rhumatologie
2022-03-03 11:06:07.693  INFO 600139 --- [http-nio-8080-exec-9] c.t.t.controller.QuestionController      : getQuestionByCategory/Rhumatologie
2022-03-03 11:06:09.509  INFO 600139 --- [http-nio-8080-exec-8] c.t.t.controller.QuestionController      : getQuestionByCategory/Rhumatologie
2022-03-03 11:06:09.568  INFO 600139 --- [http-nio-8080-exec-6] c.t.t.controller.QuestionController      : getQuestionByCategory/Rhumatologie
2022-03-03 11:12:32.405  INFO 600139 --- [http-nio-8080-exec-1] c.t.t.controller.QuestionController      : getAllQuestion
2022-03-03 11:12:32.417  INFO 600139 --- [http-nio-8080-exec-4] c.t.t.controller.QuestionController      : getAllQuestion
